<?xml version="1.0" encoding="UTF-8"?>
<!-- Generated by org.testng.reporters.JUnitXMLReporter -->
<testsuite ignored="0" hostname="DELL" failures="2" tests="8" name="Login Tests" time="107.116" errors="0" timestamp="2026-02-27T17:05:45 IST">
  <testcase classname="tests.LoginTest" name="loginTest" time="6.862"/>
  <testcase classname="tests.LoginTest" name="loginTest" time="4.248">
    <skipped/>
  </testcase> <!-- loginTest -->
  <testcase classname="tests.LoginTest" name="loginTest" time="4.672">
    <skipped/>
  </testcase> <!-- loginTest -->
  <testcase classname="tests.LoginTest" name="loginTest" time="10.262">
    <failure type="java.lang.AssertionError" message="Error message not displayed expected [true] but found [false]">
      <![CDATA[java.lang.AssertionError: Error message not displayed expected [true] but found [false]
at tests.LoginTest.loginTest(LoginTest.java:44)
at java.base/java.util.ArrayList.forEach(ArrayList.java:1511)
... Removed 30 stack frames]]>
    </failure>
  </testcase> <!-- loginTest -->
  <testcase classname="tests.LoginTest" name="loginTest" time="5.529">
    <skipped/>
  </testcase> <!-- loginTest -->
  <testcase classname="tests.LoginTest" name="loginTest" time="4.485">
    <skipped/>
  </testcase> <!-- loginTest -->
  <testcase classname="tests.LoginTest" name="loginTest" time="4.967">
    <failure type="java.lang.AssertionError" message="Error message not displayed expected [true] but found [false]">
      <![CDATA[java.lang.AssertionError: Error message not displayed expected [true] but found [false]
at tests.LoginTest.loginTest(LoginTest.java:44)
at java.base/java.util.ArrayList.forEach(ArrayList.java:1511)
... Removed 30 stack frames]]>
    </failure>
  </testcase> <!-- loginTest -->
  <testcase classname="tests.LoginTest" name="loginTest" time="4.27"/>
</testsuite> <!-- Login Tests -->
