<?xml version="1.0" encoding="UTF-8"?>
<testng-results ignored="0" total="1" passed="1" failed="0" skipped="0">
  <reporter-output>
  </reporter-output>
  <suite started-at="2026-02-13T11:26:17 IST" name="Surefire suite" finished-at="2026-02-13T11:26:17 IST" duration-ms="131">
    <groups>
    </groups>
    <test started-at="2026-02-13T11:26:17 IST" name="Surefire test" finished-at="2026-02-13T11:26:17 IST" duration-ms="131">
      <class name="automationdemo.demoTest">
        <test-method signature="testAddition()[pri:0, instance:automationdemo.demoTest@d706f19]" started-at="2026-02-13T11:26:17 IST" name="testAddition" finished-at="2026-02-13T11:26:17 IST" duration-ms="15" status="PASS">
          <reporter-output>
          </reporter-output>
        </test-method> <!-- testAddition -->
      </class> <!-- automationdemo.demoTest -->
    </test> <!-- Surefire test -->
  </suite> <!-- Surefire suite -->
</testng-results>
